2025-01-23 08:23:35,047 - INFO - main.py -   Text processed 100 documents
2025-01-23 08:23:35,059 - INFO - main.py -   Split sentence 100 documents
2025-01-23 08:23:37,337 - ERROR - main.py -   Failed to process data with error: {AttributeError("'dict' object has no attribute 'split'")}
2025-01-23 08:23:37,380 - ERROR - main.py -   Failed to write: object of type 'Article' has no len()
2025-01-23 08:37:42,097 - INFO - main.py -   Text processed 100 documents
2025-01-23 08:37:42,111 - INFO - main.py -   Split sentence 100 documents
2025-01-23 08:37:44,963 - ERROR - main.py -   Failed to process data with error: {Exception('MongoUpsert: isinstance expected 2 arguments, got 1')}
2025-01-23 08:37:45,033 - ERROR - main.py -   Failed to write: object of type 'Article' has no len()
2025-01-23 08:41:51,144 - INFO - main.py -   Text processed 100 documents
2025-01-23 08:41:51,155 - INFO - main.py -   Split sentence 100 documents
2025-01-23 08:41:56,434 - ERROR - main.py -   Failed to process data with error: {ConnectionError('Request failed with status code 500Please contact the server admin.')}
2025-01-23 08:41:56,478 - ERROR - main.py -   Failed to write: object of type 'Article' has no len()
2025-01-23 08:47:48,700 - INFO - main.py -   Text processed 150 documents
2025-01-23 08:47:48,725 - INFO - main.py -   Split sentence 150 documents
2025-01-23 10:06:10,321 - INFO - main.py -   Text processed 150 documents
2025-01-23 10:06:10,347 - INFO - main.py -   Split sentence 150 documents
2025-01-23 10:09:11,200 - ERROR - main.py -   Failed to process data with error: MongoDB 连接失败: Request failed with status code 500Please contact the server admin.
2025-01-23 10:12:25,815 - INFO - main.py -   Text processed 150 documents
2025-01-23 10:12:25,848 - INFO - main.py -   Split sentence 150 documents
2025-01-23 10:21:18,864 - ERROR - main.py -   Failed to process data with error: MongoDB 连接失败: Request failed with status code 500Please contact the server admin.
2025-01-23 10:21:21,719 - ERROR - main.py -   Failed to write: object of type 'Article' has no len()
2025-01-23 10:25:24,335 - INFO - main.py -   Text processed 150 documents
2025-01-23 10:25:24,359 - INFO - main.py -   Split sentence 150 documents
2025-01-23 10:37:18,738 - INFO - main.py -   Text processed 100 documents
2025-01-23 10:37:18,757 - INFO - main.py -   Split sentence 100 documents
2025-01-23 10:43:53,177 - INFO - main.py -   Text processed 100 documents
2025-01-23 10:43:53,188 - INFO - main.py -   Split sentence 100 documents
2025-01-23 10:43:55,338 - ERROR - main.py -   Failed to process data with error: MongoDB 连接失败: Request failed with status code 500Please contact the server admin.
2025-01-23 10:43:55,409 - ERROR - main.py -   Failed to write: object of type 'Article' has no len()
2025-01-23 10:45:29,789 - INFO - main.py -   Text processed 100 documents
2025-01-23 10:45:29,802 - INFO - main.py -   Split sentence 100 documents
2025-01-23 10:47:09,507 - ERROR - main.py -   Failed to process data with error: MongoDB 连接失败: Request failed with status code 500Please contact the server admin.
2025-01-23 10:47:11,760 - ERROR - main.py -   Failed to write: object of type 'Article' has no len()
2025-01-23 10:48:56,176 - INFO - main.py -   Text processed 100 documents
2025-01-23 10:48:56,197 - INFO - main.py -   Split sentence 100 documents
2025-01-23 10:49:40,169 - ERROR - main.py -   Failed to process data with error: MongoDB 连接失败: Request failed with status code 500Please contact the server admin.
2025-01-23 11:22:17,620 - INFO - main.py -   Text processed 100 documents
2025-01-23 11:22:17,631 - INFO - main.py -   Split sentence 100 documents
2025-01-23 11:22:19,732 - ERROR - main.py -   Failed to process data with error: MongoDB 连接失败: Request failed with status code 500Please contact the server admin.
2025-01-23 11:51:33,133 - INFO - main.py -   Text processed 100 documents
2025-01-23 11:51:33,150 - INFO - main.py -   Split sentence 100 documents
2025-01-23 15:45:16,433 - INFO - main.py -   Text processed 550 documents
2025-01-23 15:45:16,481 - INFO - main.py -   Split sentence 550 documents
2025-01-23 15:45:19,847 - ERROR - main.py -   Failed to process data with error: MongoDB 连接失败: Request failed with status code 500Please contact the server admin.
2025-01-23 16:09:47,315 - INFO - main.py -   Text processed 600 documents
2025-01-23 16:09:47,405 - INFO - main.py -   Split sentence 600 documents
2025-01-23 16:14:24,415 - ERROR - main.py -   Failed to process data with error: MongoDB 连接失败: list index out of range
2025-01-23 16:17:58,006 - INFO - main.py -   Text processed 600 documents
2025-01-23 16:17:58,086 - INFO - main.py -   Split sentence 600 documents
2025-01-23 16:22:39,745 - INFO - main.py -   Text processed 800 documents
2025-01-23 16:22:39,818 - INFO - main.py -   Split sentence 800 documents
2025-01-23 16:22:43,373 - ERROR - main.py -   Failed to process data with error: MongoDB 连接失败: 'list' object has no attribute 'lower'
2025-01-23 16:28:33,366 - INFO - main.py -   Text processed 800 documents
2025-01-23 16:28:33,436 - INFO - main.py -   Split sentence 800 documents
2025-01-23 16:28:34,976 - ERROR - main.py -   Failed to process data with error: MongoDB 连接失败: 'list' object has no attribute 'find'
2025-01-23 16:33:33,893 - INFO - main.py -   Text processed 800 documents
2025-01-23 16:33:33,962 - INFO - main.py -   Split sentence 800 documents
2025-01-23 16:39:18,386 - ERROR - main.py -   Failed to process data with error: MongoDB 连接失败: can only concatenate str (not "list") to str
2025-01-23 16:44:50,040 - INFO - main.py -   Text processed 800 documents
2025-01-23 16:44:50,108 - INFO - main.py -   Split sentence 800 documents
2025-01-23 17:44:30,761 - INFO - main.py -   Text processed 1300 documents
2025-01-23 17:44:30,888 - INFO - main.py -   Split sentence 1300 documents
2025-01-23 18:45:02,113 - INFO - main.py -   Text processed 1350 documents
2025-01-23 18:45:02,242 - INFO - main.py -   Split sentence 1350 documents
2025-01-23 20:57:27,214 - INFO - main.py -   Text processed 950 documents
2025-01-23 20:57:27,323 - INFO - main.py -   Split sentence 950 documents
2025-01-24 02:46:29,887 - ERROR - main.py -   Failed to write: object of type 'Article' has no len()
